CRITICAL - 2025-05-11 12:33:02 --> ErrorException: Undefined variable $asal
[Method: GET, Route: profil]
in APPPATH\Views\profil.php on line 140.
 1 APPPATH\Views\profil.php(140): CodeIgniter\Debug\Exceptions->errorHandler(2, 'Undefined variable $asal', 'D:\\xampp\\htdocs\\ci-news\\app\\Views\\profil.php', 140)
 2 SYSTEMPATH\View\View.php(224): include('D:\\xampp\\htdocs\\ci-news\\app\\Views\\profil.php')
 3 SYSTEMPATH\View\View.php(227): CodeIgniter\View\View->CodeIgniter\View\{closure}()
 4 SYSTEMPATH\Common.php(1173): CodeIgniter\View\View->render('profil', [], true)
 5 APPPATH\Controllers\Home.php(25): view('profil', [...])
 6 SYSTEMPATH\CodeIgniter.php(933): App\Controllers\Home->profil()
 7 SYSTEMPATH\CodeIgniter.php(507): CodeIgniter\CodeIgniter->runController(Object(App\Controllers\Home))
 8 SYSTEMPATH\CodeIgniter.php(354): CodeIgniter\CodeIgniter->handleRequest(null, Object(Config\Cache), false)
 9 SYSTEMPATH\Boot.php(334): CodeIgniter\CodeIgniter->run()
10 SYSTEMPATH\Boot.php(67): CodeIgniter\Boot::runCodeIgniter(Object(CodeIgniter\CodeIgniter))
11 FCPATH\index.php(59): CodeIgniter\Boot::bootWeb(Object(Config\Paths))
12 SYSTEMPATH\rewrite.php(44): require_once('D:\\xampp\\htdocs\\ci-news\\public\\index.php')
CRITICAL - 2025-05-11 13:29:14 --> ErrorException: Undefined variable $fakultas
[Method: GET, Route: profil]
in APPPATH\Views\profil.php on line 161.
 1 APPPATH\Views\profil.php(161): CodeIgniter\Debug\Exceptions->errorHandler(2, 'Undefined variable $fakultas', 'D:\\xampp\\htdocs\\ci-news\\app\\Views\\profil.php', 161)
 2 SYSTEMPATH\View\View.php(224): include('D:\\xampp\\htdocs\\ci-news\\app\\Views\\profil.php')
 3 SYSTEMPATH\View\View.php(227): CodeIgniter\View\View->CodeIgniter\View\{closure}()
 4 SYSTEMPATH\Common.php(1173): CodeIgniter\View\View->render('profil', [], true)
 5 APPPATH\Controllers\Home.php(25): view('profil', [...])
 6 SYSTEMPATH\CodeIgniter.php(933): App\Controllers\Home->profil()
 7 SYSTEMPATH\CodeIgniter.php(507): CodeIgniter\CodeIgniter->runController(Object(App\Controllers\Home))
 8 SYSTEMPATH\CodeIgniter.php(354): CodeIgniter\CodeIgniter->handleRequest(null, Object(Config\Cache), false)
 9 SYSTEMPATH\Boot.php(334): CodeIgniter\CodeIgniter->run()
10 SYSTEMPATH\Boot.php(67): CodeIgniter\Boot::runCodeIgniter(Object(CodeIgniter\CodeIgniter))
11 FCPATH\index.php(59): CodeIgniter\Boot::bootWeb(Object(Config\Paths))
12 SYSTEMPATH\rewrite.php(44): require_once('D:\\xampp\\htdocs\\ci-news\\public\\index.php')
CRITICAL - 2025-05-11 13:29:17 --> ErrorException: Undefined variable $fakultas
[Method: GET, Route: profil]
in APPPATH\Views\profil.php on line 161.
 1 APPPATH\Views\profil.php(161): CodeIgniter\Debug\Exceptions->errorHandler(2, 'Undefined variable $fakultas', 'D:\\xampp\\htdocs\\ci-news\\app\\Views\\profil.php', 161)
 2 SYSTEMPATH\View\View.php(224): include('D:\\xampp\\htdocs\\ci-news\\app\\Views\\profil.php')
 3 SYSTEMPATH\View\View.php(227): CodeIgniter\View\View->CodeIgniter\View\{closure}()
 4 SYSTEMPATH\Common.php(1173): CodeIgniter\View\View->render('profil', [], true)
 5 APPPATH\Controllers\Home.php(25): view('profil', [...])
 6 SYSTEMPATH\CodeIgniter.php(933): App\Controllers\Home->profil()
 7 SYSTEMPATH\CodeIgniter.php(507): CodeIgniter\CodeIgniter->runController(Object(App\Controllers\Home))
 8 SYSTEMPATH\CodeIgniter.php(354): CodeIgniter\CodeIgniter->handleRequest(null, Object(Config\Cache), false)
 9 SYSTEMPATH\Boot.php(334): CodeIgniter\CodeIgniter->run()
10 SYSTEMPATH\Boot.php(67): CodeIgniter\Boot::runCodeIgniter(Object(CodeIgniter\CodeIgniter))
11 FCPATH\index.php(59): CodeIgniter\Boot::bootWeb(Object(Config\Paths))
12 SYSTEMPATH\rewrite.php(44): require_once('D:\\xampp\\htdocs\\ci-news\\public\\index.php')
